<?xml version="1.0" encoding="UTF-8"?>
<!-- Generated by org.testng.reporters.JUnitReportReporter -->
<testsuite skipped="0" hostname="E0443121" name="ro.vodafone.qa.testcases.LoginUsingDataSourceTest" tests="3" failures="0" timestamp="04 Jun 2019 13:47:34 GMT" time="37.229" errors="0">
  <testcase name="LoginPostpaidTest" time="12.604" classname="ro.vodafone.qa.testcases.LoginUsingDataSourceTest"/>
  <testcase name="LoginPostpaidTest" time="11.984" classname="ro.vodafone.qa.testcases.LoginUsingDataSourceTest"/>
  <testcase name="LoginPostpaidTest" time="12.641" classname="ro.vodafone.qa.testcases.LoginUsingDataSourceTest"/>
</testsuite> <!-- ro.vodafone.qa.testcases.LoginUsingDataSourceTest -->
