<?xml version="1.0" encoding="UTF-8"?>
<!-- Generated by org.testng.reporters.JUnitReportReporter -->
<testsuite skipped="0" hostname="E0443121" name="ro.vodafone.qa.testcases.LoginPageTest" tests="6" failures="0" timestamp="07 May 2019 12:58:52 GMT" time="77.693" errors="0">
  <testcase name="loginPageTitleTest" time="15.657" classname="ro.vodafone.qa.testcases.LoginPageTest"/>
  <testcase name="vdfLogoTest" time="9.374" classname="ro.vodafone.qa.testcases.LoginPageTest"/>
  <testcase name="loginMethodTest" time="12.003" classname="ro.vodafone.qa.testcases.LoginPageTest"/>
  <testcase name="verifyRecoverUsrnamePageTitle" time="13.967" classname="ro.vodafone.qa.testcases.LoginPageTest"/>
  <testcase name="verifyRecoverPwdPageTitle" time="13.810" classname="ro.vodafone.qa.testcases.LoginPageTest"/>
  <testcase name="verifyRegisterPage" time="12.882" classname="ro.vodafone.qa.testcases.LoginPageTest"/>
</testsuite> <!-- ro.vodafone.qa.testcases.LoginPageTest -->
