<?xml version="1.0" encoding="UTF-8"?>
<!-- Generated by org.testng.reporters.JUnitReportReporter -->
<testsuite skipped="5" hostname="E0443121" name="ro.vodafone.qa.testcases.LoginPageTest" tests="6" failures="0" timestamp="05 Jun 2019 06:14:50 GMT" time="17.226" errors="0">
  <testcase name="loginMethodTest" time="17.226" classname="ro.vodafone.qa.testcases.LoginPageTest"/>
  <testcase name="verifyRegisterPage" classname="ro.vodafone.qa.testcases.LoginPageTest">
    <skipped/>
  </testcase> <!-- verifyRegisterPage -->
  <testcase name="verifyRecoverPwdPageTitle" classname="ro.vodafone.qa.testcases.LoginPageTest">
    <skipped/>
  </testcase> <!-- verifyRecoverPwdPageTitle -->
  <testcase name="vdfLogoTest" classname="ro.vodafone.qa.testcases.LoginPageTest">
    <skipped/>
  </testcase> <!-- vdfLogoTest -->
  <testcase name="verifyRecoverUsrnamePageTitle" classname="ro.vodafone.qa.testcases.LoginPageTest">
    <skipped/>
  </testcase> <!-- verifyRecoverUsrnamePageTitle -->
  <testcase name="loginPageTitleTest" classname="ro.vodafone.qa.testcases.LoginPageTest">
    <skipped/>
  </testcase> <!-- loginPageTitleTest -->
</testsuite> <!-- ro.vodafone.qa.testcases.LoginPageTest -->
