<?xml version="1.0" encoding="UTF-8"?>
<!-- Generated by org.testng.reporters.JUnitReportReporter -->
<testsuite skipped="0" hostname="E0443121" name="ro.vodafone.qa.testcases.LoginPageTest" tests="6" failures="0" timestamp="20 Jun 2019 10:30:44 GMT" time="91.969" errors="0">
  <testcase name="loginPageTitleTest" time="18.503" classname="ro.vodafone.qa.testcases.LoginPageTest"/>
  <testcase name="vdfLogoTest" time="12.704" classname="ro.vodafone.qa.testcases.LoginPageTest"/>
  <testcase name="loginMethodTest" time="12.594" classname="ro.vodafone.qa.testcases.LoginPageTest"/>
  <testcase name="verifyRecoverUsrnamePageTitle" time="16.668" classname="ro.vodafone.qa.testcases.LoginPageTest"/>
  <testcase name="verifyRecoverPwdPageTitle" time="15.766" classname="ro.vodafone.qa.testcases.LoginPageTest"/>
  <testcase name="verifyRegisterPage" time="15.734" classname="ro.vodafone.qa.testcases.LoginPageTest"/>
</testsuite> <!-- ro.vodafone.qa.testcases.LoginPageTest -->
